Removed Pin From Net: NetName=NO1 Pin=P5-1
Removed Pin From Net: NetName=COM1 Pin=P5-2
Removed Pin From Net: NetName=NC1 Pin=P5-3
Removed Pin From Net: NetName=IN2 Pin=P7-3
Removed Pin From Net: NetName=GND Pin=P7-4
Change Component Footprint: Designator=P7 Old Footprint=ECH350R-04P New Footprint=ECH350R-02P
Change Component Comment : Designator=P7 Old Comment=INPUT New Comment=INPUT1
Change Component Comment : Designator=LCD1 Old Comment=LCD 2.4 TFT SPI 240X320 New Comment=
Change Component Designator: OldDesignator=3 NewDesignator=U1
Added Component: Designator=P5(ECH350R-03P)
Add component (AddParameter): Name = "LatestRevisionDate"; Value = "17-Jul-2002"; VariantName = "[No Variations]"
Add component (AddParameter): Name = "LatestRevisionNote"; Value = "Re-released for DXP Platform."; VariantName = "[No Variations]"
Add component (AddParameter): Name = "Publisher"; Value = "Altium Limited"; VariantName = "[No Variations]"
Added Component: Designator=P10(ECH350R-02P)
Add component (AddParameter): Name = "LatestRevisionDate"; Value = "17-Jul-2002"; VariantName = "[No Variations]"
Add component (AddParameter): Name = "LatestRevisionNote"; Value = "Re-released for DXP Platform."; VariantName = "[No Variations]"
Add component (AddParameter): Name = "Publisher"; Value = "Altium Limited"; VariantName = "[No Variations]"
Added Pin To Net: NetName=NO1 Pin=P5-1
Added Pin To Net: NetName=COM1 Pin=P5-2
Added Pin To Net: NetName=NC1 Pin=P5-3
Added Pin To Net: NetName=IN2 Pin=P10-1
Added Pin To Net: NetName=GND Pin=P10-2
Added Member To Class: ClassName=Sheet1 Member=Component P10 INPUT1
