Added Component: Designator=C1(C0805)
Added Component: Designator=C2(C0805)
Added Component: Designator=C3(C0805)
Added Component: Designator=C4(C0805)
Added Component: Designator=C5(C0805)
Added Component: Designator=C6(C0805)
Added Component: Designator=C7(C0805)
Added Component: Designator=C8(C0805)
Added Component: Designator=C9(C0805)
Added Component: Designator=C10(C0805)
Added Component: Designator=C11(C0805)
Added Component: Designator=D1(DO-214AC)
Added Component: Designator=D2(DO-214AC)
Added Component: Designator=D3(DO-214AC)
Added Component: Designator=IC1(SO8)
Added Component: Designator=IC2(BP5293-50 S)
Added Component: Designator=IC3(SOT223_L)
Added Component: Designator=IC4(PC817-SMT)
Added Component: Designator=IC5(PC817-SMT)
Added Component: Designator=IC6(PC817-SMT)
Added Component: Designator=IC7(PC817-SMT)
Added Component: Designator=IC8(SSOP-28)
Added Component: Designator=K1(MODUL_HRS4)
Add component (AddParameter): Name = "LatestRevisionDate"; Value = "17-Jul-2002"; VariantName = "[No Variations]"
Add component (AddParameter): Name = "LatestRevisionNote"; Value = "Re-released for DXP Platform."; VariantName = "[No Variations]"
Add component (AddParameter): Name = "PackageReference"; Value = "MODULE5B"; VariantName = "[No Variations]"
Add component (AddParameter): Name = "Published"; Value = "8-Jun-2000"; VariantName = "[No Variations]"
Add component (AddParameter): Name = "Publisher"; Value = "Altium Limited"; VariantName = "[No Variations]"
Added Component: Designator=K2(MODUL_HRS4)
Add component (AddParameter): Name = "LatestRevisionDate"; Value = "17-Jul-2002"; VariantName = "[No Variations]"
Add component (AddParameter): Name = "LatestRevisionNote"; Value = "Re-released for DXP Platform."; VariantName = "[No Variations]"
Add component (AddParameter): Name = "PackageReference"; Value = "MODULE5B"; VariantName = "[No Variations]"
Add component (AddParameter): Name = "Published"; Value = "8-Jun-2000"; VariantName = "[No Variations]"
Add component (AddParameter): Name = "Publisher"; Value = "Altium Limited"; VariantName = "[No Variations]"
Added Component: Designator=L1(0805_LED - RED)
Added Component: Designator=LCD Display with touch screen(2.4 TFT SPI 240X320)
Added Component: Designator=LED1(0805_LED - YELLOW)
Added Component: Designator=LED2(0805_LED - GREEN)
Added Component: Designator=LED3(0805_LED - GREEN)
Added Component: Designator=LED4(0805_LED - GREEN)
Added Component: Designator=LED5(0805_LED - GREEN)
Added Component: Designator=LED6(0805_LED - GREEN)
Added Component: Designator=P1(HDR1X6)
Add component (AddParameter): Name = "LatestRevisionDate"; Value = "17-Jul-2002"; VariantName = "[No Variations]"
Add component (AddParameter): Name = "LatestRevisionNote"; Value = "Re-released for DXP Platform."; VariantName = "[No Variations]"
Add component (AddParameter): Name = "Publisher"; Value = "Altium Limited"; VariantName = "[No Variations]"
Added Component: Designator=P2(100104ST/RH)
Add component (AddParameter): Name = "LatestRevisionDate"; Value = "17-Jul-2002"; VariantName = "[No Variations]"
Add component (AddParameter): Name = "LatestRevisionNote"; Value = "Re-released for DXP Platform."; VariantName = "[No Variations]"
Add component (AddParameter): Name = "Publisher"; Value = "Altium Limited"; VariantName = "[No Variations]"
Added Component: Designator=P3(100104ST/RH)
Add component (AddParameter): Name = "LatestRevisionDate"; Value = "17-Jul-2002"; VariantName = "[No Variations]"
Add component (AddParameter): Name = "LatestRevisionNote"; Value = "Re-released for DXP Platform."; VariantName = "[No Variations]"
Add component (AddParameter): Name = "Publisher"; Value = "Altium Limited"; VariantName = "[No Variations]"
Added Component: Designator=P4(ECH350R-02P)
Add component (AddParameter): Name = "LatestRevisionDate"; Value = "17-Jul-2002"; VariantName = "[No Variations]"
Add component (AddParameter): Name = "LatestRevisionNote"; Value = "Re-released for DXP Platform."; VariantName = "[No Variations]"
Add component (AddParameter): Name = "Publisher"; Value = "Altium Limited"; VariantName = "[No Variations]"
Added Component: Designator=P5(ECH350R-03P)
Add component (AddParameter): Name = "LatestRevisionDate"; Value = "17-Jul-2002"; VariantName = "[No Variations]"
Add component (AddParameter): Name = "LatestRevisionNote"; Value = "Re-released for DXP Platform."; VariantName = "[No Variations]"
Add component (AddParameter): Name = "Publisher"; Value = "Altium Limited"; VariantName = "[No Variations]"
Added Component: Designator=P6(ECH350R-03P)
Add component (AddParameter): Name = "LatestRevisionDate"; Value = "17-Jul-2002"; VariantName = "[No Variations]"
Add component (AddParameter): Name = "LatestRevisionNote"; Value = "Re-released for DXP Platform."; VariantName = "[No Variations]"
Add component (AddParameter): Name = "Publisher"; Value = "Altium Limited"; VariantName = "[No Variations]"
Added Component: Designator=P7(ECH350R-04P)
Add component (AddParameter): Name = "LatestRevisionDate"; Value = "17-Jul-2002"; VariantName = "[No Variations]"
Add component (AddParameter): Name = "LatestRevisionNote"; Value = "Re-released for DXP Platform."; VariantName = "[No Variations]"
Add component (AddParameter): Name = "Publisher"; Value = "Altium Limited"; VariantName = "[No Variations]"
Added Component: Designator=P8(USB -mico)
Add component (AddParameter): Name = "LatestRevisionDate"; Value = "17-Jul-2002"; VariantName = "[No Variations]"
Add component (AddParameter): Name = "LatestRevisionNote"; Value = "Re-released for DXP Platform."; VariantName = "[No Variations]"
Add component (AddParameter): Name = "Publisher"; Value = "Altium Limited"; VariantName = "[No Variations]"
Added Component: Designator=P9(ECH350R-02P)
Add component (AddParameter): Name = "LatestRevisionDate"; Value = "17-Jul-2002"; VariantName = "[No Variations]"
Add component (AddParameter): Name = "LatestRevisionNote"; Value = "Re-released for DXP Platform."; VariantName = "[No Variations]"
Add component (AddParameter): Name = "Publisher"; Value = "Altium Limited"; VariantName = "[No Variations]"
Added Component: Designator=Q1(SOT-23_N)
Add component (AddParameter): Name = "ComponentLink1Description"; Value = "Manufacturer Link"; VariantName = "[No Variations]"
Add component (AddParameter): Name = "ComponentLink1URL"; Value = "http://www.irf.com/"; VariantName = "[No Variations]"
Add component (AddParameter): Name = "DatasheetVersion"; Value = "PD-9.814"; VariantName = "[No Variations]"
Add component (AddParameter): Name = "LatestRevisionDate"; Value = "17-Jul-2002"; VariantName = "[No Variations]"
Add component (AddParameter): Name = "LatestRevisionNote"; Value = "Re-released for DXP Platform."; VariantName = "[No Variations]"
Add component (AddParameter): Name = "Note"; Value = "Pin 2 is electrically connected to pin 4."; VariantName = "[No Variations]"
Add component (AddParameter): Name = "PackageDescription"; Value = "TO, Thru-Hole, Vertical, Heatsink Mounted; 3 In-Line Leads; Pitch 2.54 mm"; VariantName = "[No Variations]"
Add component (AddParameter): Name = "PackageReference"; Value = "TO-220AB"; VariantName = "[No Variations]"
Add component (AddParameter): Name = "PackageVersion"; Value = "Feb-1997"; VariantName = "[No Variations]"
Add component (AddParameter): Name = "Published"; Value = "8-Jun-2000"; VariantName = "[No Variations]"
Add component (AddParameter): Name = "Publisher"; Value = "Altium Limited"; VariantName = "[No Variations]"
Added Component: Designator=Q2(SOT-23_N)
Add component (AddParameter): Name = "ComponentLink1Description"; Value = "Manufacturer Link"; VariantName = "[No Variations]"
Add component (AddParameter): Name = "ComponentLink1URL"; Value = "http://www.irf.com/"; VariantName = "[No Variations]"
Add component (AddParameter): Name = "DatasheetVersion"; Value = "PD-9.814"; VariantName = "[No Variations]"
Add component (AddParameter): Name = "LatestRevisionDate"; Value = "17-Jul-2002"; VariantName = "[No Variations]"
Add component (AddParameter): Name = "LatestRevisionNote"; Value = "Re-released for DXP Platform."; VariantName = "[No Variations]"
Add component (AddParameter): Name = "Note"; Value = "Pin 2 is electrically connected to pin 4."; VariantName = "[No Variations]"
Add component (AddParameter): Name = "PackageDescription"; Value = "TO, Thru-Hole, Vertical, Heatsink Mounted; 3 In-Line Leads; Pitch 2.54 mm"; VariantName = "[No Variations]"
Add component (AddParameter): Name = "PackageReference"; Value = "TO-220AB"; VariantName = "[No Variations]"
Add component (AddParameter): Name = "PackageVersion"; Value = "Feb-1997"; VariantName = "[No Variations]"
Add component (AddParameter): Name = "Published"; Value = "8-Jun-2000"; VariantName = "[No Variations]"
Add component (AddParameter): Name = "Publisher"; Value = "Altium Limited"; VariantName = "[No Variations]"
Added Component: Designator=Q3(SOT23_M-edit)
Added Component: Designator=Q4(SOT23_M-edit)
Added Component: Designator=Q5(SOT23_M-edit)
Add component (AddParameter): Name = "Code_JEDEC"; Value = "TO-226-AA"; VariantName = "[No Variations]"
Add component (AddParameter): Name = "LatestRevisionDate"; Value = "17-Jul-2002"; VariantName = "[No Variations]"
Add component (AddParameter): Name = "LatestRevisionNote"; Value = "Re-released for DXP Platform."; VariantName = "[No Variations]"
Add component (AddParameter): Name = "PackageDescription"; Value = "TO, Flat Index; 3 In-Line, Axial Leads; Body Dia. 4.8mm; Leads 0.55 x 0.51 mm (max)"; VariantName = "[No Variations]"
Add component (AddParameter): Name = "PackageReference"; Value = "TO-226-AA"; VariantName = "[No Variations]"
Add component (AddParameter): Name = "Published"; Value = "8-Jun-2000"; VariantName = "[No Variations]"
Add component (AddParameter): Name = "Publisher"; Value = "Altium Limited"; VariantName = "[No Variations]"
Added Component: Designator=Q6(SOT23_M-edit)
Add component (AddParameter): Name = "Code_JEDEC"; Value = "TO-226-AA"; VariantName = "[No Variations]"
Add component (AddParameter): Name = "LatestRevisionDate"; Value = "17-Jul-2002"; VariantName = "[No Variations]"
Add component (AddParameter): Name = "LatestRevisionNote"; Value = "Re-released for DXP Platform."; VariantName = "[No Variations]"
Add component (AddParameter): Name = "PackageDescription"; Value = "TO, Flat Index; 3 In-Line, Axial Leads; Body Dia. 4.8mm; Leads 0.55 x 0.51 mm (max)"; VariantName = "[No Variations]"
Add component (AddParameter): Name = "PackageReference"; Value = "TO-226-AA"; VariantName = "[No Variations]"
Add component (AddParameter): Name = "Published"; Value = "8-Jun-2000"; VariantName = "[No Variations]"
Add component (AddParameter): Name = "Publisher"; Value = "Altium Limited"; VariantName = "[No Variations]"
Added Component: Designator=R1(6-0805_L)
Added Component: Designator=R2(6-0805_L)
Added Component: Designator=R3(6-0805_L)
Added Component: Designator=R4(6-0805_L)
Added Component: Designator=R5(6-0805_L)
Added Component: Designator=R6(6-0805_L)
Added Component: Designator=R7(6-0805_L)
Added Component: Designator=R8(6-0805_L)
Added Component: Designator=R9(6-0805_L)
Added Component: Designator=R10(6-0805_L)
Added Component: Designator=R11(6-0805_L)
Added Component: Designator=R12(6-0805_L)
Added Component: Designator=R13(6-0805_L)
Added Component: Designator=R14(6-0805_L)
Added Component: Designator=R15(6-0805_L)
Added Component: Designator=R16(6-0805_L)
Added Component: Designator=R17(6-0805_L)
Added Component: Designator=R18(6-0805_L)
Added Component: Designator=R19(6-0805_L)
Added Component: Designator=R20(6-0805_L)
Added Component: Designator=R21(6-0805_L)
Added Component: Designator=R22(6-0805_L)
Added Component: Designator=R23(6-0805_L)
Added Component: Designator=R24(6-0805_L)
Added Component: Designator=R25(6-0805_L)
Added Component: Designator=R26(6-0805_L)
Added Component: Designator=R27(6-0805_L)
Added Component: Designator=R28(6-0805_L)
Added Component: Designator=R29(6-0805_L)
Added Component: Designator=R30(6-0805_L)
Added Component: Designator=R31(6-0805_L)
Added Component: Designator=S1(Push SW)
Add component (AddParameter): Name = "LatestRevisionDate"; Value = "17-Jul-2002"; VariantName = "[No Variations]"
Add component (AddParameter): Name = "LatestRevisionNote"; Value = "Re-released for DXP Platform."; VariantName = "[No Variations]"
Add component (AddParameter): Name = "PackageDescription"; Value = "Switch; 2 Leads"; VariantName = "[No Variations]"
Add component (AddParameter): Name = "PackageReference"; Value = "SPST-2"; VariantName = "[No Variations]"
Add component (AddParameter): Name = "Published"; Value = "24-Mar-1999"; VariantName = "[No Variations]"
Add component (AddParameter): Name = "Publisher"; Value = "Altium Limited"; VariantName = "[No Variations]"
Added Component: Designator=S2(Push SW)
Add component (AddParameter): Name = "LatestRevisionDate"; Value = "17-Jul-2002"; VariantName = "[No Variations]"
Add component (AddParameter): Name = "LatestRevisionNote"; Value = "Re-released for DXP Platform."; VariantName = "[No Variations]"
Add component (AddParameter): Name = "PackageDescription"; Value = "Switch; 2 Leads"; VariantName = "[No Variations]"
Add component (AddParameter): Name = "PackageReference"; Value = "SPST-2"; VariantName = "[No Variations]"
Add component (AddParameter): Name = "Published"; Value = "24-Mar-1999"; VariantName = "[No Variations]"
Add component (AddParameter): Name = "Publisher"; Value = "Altium Limited"; VariantName = "[No Variations]"
Added Component: Designator=U1(ESP32 - WROVER-B)
Added Pin To Net: NetName=3V3 Pin=C11-2
Added Pin To Net: NetName=3V3 Pin=D1-A
Added Pin To Net: NetName=3V3 Pin=IC8-1
Added Pin To Net: NetName=3V3 Pin=IC8-4
Added Pin To Net: NetName=3V3 Pin=IC8-17
Added Pin To Net: NetName=3V3 Pin=LCD Display with touch screen-14
Added Pin To Net: NetName=3V3 Pin=P1-1
Added Pin To Net: NetName=3V3 Pin=P2-1
Added Pin To Net: NetName=3V3 Pin=P3-1
Added Pin To Net: NetName=3V3 Pin=Q1-1
Added Pin To Net: NetName=3V3 Pin=Q2-1
Added Pin To Net: NetName=3V3 Pin=R1-2
Added Pin To Net: NetName=3V3 Pin=R2-2
Added Pin To Net: NetName=3V3 Pin=R3-2
Added Pin To Net: NetName=3V3 Pin=R7-2
Added Pin To Net: NetName=3V3 Pin=R8-2
Added Pin To Net: NetName=3V3 Pin=R10-2
Added Pin To Net: NetName=3V3 Pin=R11-2
Added Pin To Net: NetName=3V3 Pin=R12-2
Added Pin To Net: NetName=3V3 Pin=R13-1
Added Pin To Net: NetName=3V3 Pin=R19-1
Added Pin To Net: NetName=3V3 Pin=R25-2
Added Pin To Net: NetName=3V3 Pin=R26-2
Added Pin To Net: NetName=3V3 Pin=R27-1
Added Pin To Net: NetName=3V3 Pin=R29-1
Added Pin To Net: NetName=3V3 Pin=R31-2
Added Pin To Net: NetName=3V3 Pin=U1-2
Added Net: Name=3V3
Added Pin To Net: NetName=5V Pin=C2-2
Added Pin To Net: NetName=5V Pin=C5-1
Added Pin To Net: NetName=5V Pin=C6-1
Added Pin To Net: NetName=5V Pin=C7-1
Added Pin To Net: NetName=5V Pin=C8-1
Added Pin To Net: NetName=5V Pin=D1-K
Added Pin To Net: NetName=5V Pin=IC1-2
Added Pin To Net: NetName=5V Pin=IC1-3
Added Pin To Net: NetName=5V Pin=IC1-8
Added Pin To Net: NetName=5V Pin=IC2-3
Added Pin To Net: NetName=5V Pin=IC3-3
Added Pin To Net: NetName=5V Pin=IC8-20
Added Pin To Net: NetName=5V Pin=P8-1
Added Pin To Net: NetName=5V Pin=R4-1
Added Pin To Net: NetName=5V Pin=R6-2
Added Pin To Net: NetName=5V Pin=R9-2
Added Pin To Net: NetName=5V Pin=R14-1
Added Pin To Net: NetName=5V Pin=R16-1
Added Pin To Net: NetName=5V Pin=R17-1
Added Pin To Net: NetName=5V Pin=R20-1
Added Pin To Net: NetName=5V Pin=R22-1
Added Pin To Net: NetName=5V Pin=R23-1
Added Pin To Net: NetName=5V Pin=R28-1
Added Pin To Net: NetName=5V Pin=R30-1
Added Net: Name=5V
Added Pin To Net: NetName=12V Pin=C3-1
Added Pin To Net: NetName=12V Pin=C4-1
Added Pin To Net: NetName=12V Pin=IC2-1
Added Pin To Net: NetName=12V Pin=P9-1
Added Net: Name=12V
Added Pin To Net: NetName=485+M Pin=IC1-6
Added Pin To Net: NetName=485+M Pin=R4-2
Added Net: Name=485+M
Added Pin To Net: NetName=485+ Pin=P4-1
Added Net: Name=485+
Added Pin To Net: NetName=485-M Pin=IC1-7
Added Pin To Net: NetName=485-M Pin=R5-1
Added Net: Name=485-M
Added Pin To Net: NetName=485- Pin=P4-2
Added Net: Name=485-
Added Pin To Net: NetName=COM1 Pin=K1-1
Added Pin To Net: NetName=COM1 Pin=P5-2
Added Net: Name=COM1
Added Pin To Net: NetName=COM2 Pin=K2-1
Added Pin To Net: NetName=COM2 Pin=P6-2
Added Net: Name=COM2
Added Pin To Net: NetName=CS Pin=LCD Display with touch screen-12
Added Pin To Net: NetName=CS Pin=U1-23
Added Net: Name=CS
Added Pin To Net: NetName=D+ Pin=IC8-15
Added Pin To Net: NetName=D+ Pin=P8-3
Added Net: Name=D+
Added Pin To Net: NetName=D- Pin=IC8-16
Added Pin To Net: NetName=D- Pin=P8-2
Added Net: Name=D-
Added Pin To Net: NetName=DC Pin=LCD Display with touch screen-10
Added Pin To Net: NetName=DC Pin=U1-24
Added Net: Name=DC
Added Pin To Net: NetName=DTR Pin=IC8-2
Added Pin To Net: NetName=DTR Pin=Q5-E
Added Pin To Net: NetName=DTR Pin=Q6-B
Added Net: Name=DTR
Added Pin To Net: NetName=GND Pin=C1-1
Added Pin To Net: NetName=GND Pin=C2-1
Added Pin To Net: NetName=GND Pin=C3-2
Added Pin To Net: NetName=GND Pin=C4-2
Added Pin To Net: NetName=GND Pin=C5-2
Added Pin To Net: NetName=GND Pin=C6-2
Added Pin To Net: NetName=GND Pin=C7-2
Added Pin To Net: NetName=GND Pin=C8-2
Added Pin To Net: NetName=GND Pin=C9-2
Added Pin To Net: NetName=GND Pin=C10-2
Added Pin To Net: NetName=GND Pin=D2-A
Added Pin To Net: NetName=GND Pin=D3-A
Added Pin To Net: NetName=GND Pin=IC1-5
Added Pin To Net: NetName=GND Pin=IC2-2
Added Pin To Net: NetName=GND Pin=IC3-1
Added Pin To Net: NetName=GND Pin=IC4-3
Added Pin To Net: NetName=GND Pin=IC5-3
Added Pin To Net: NetName=GND Pin=IC6-3
Added Pin To Net: NetName=GND Pin=IC7-3
Added Pin To Net: NetName=GND Pin=IC8-7
Added Pin To Net: NetName=GND Pin=IC8-18
Added Pin To Net: NetName=GND Pin=IC8-21
Added Pin To Net: NetName=GND Pin=IC8-25
Added Pin To Net: NetName=GND Pin=IC8-26
Added Pin To Net: NetName=GND Pin=K1-5
Added Pin To Net: NetName=GND Pin=K2-5
Added Pin To Net: NetName=GND Pin=L1-K
Added Pin To Net: NetName=GND Pin=LCD Display with touch screen-13
Added Pin To Net: NetName=GND Pin=LED3-K
Added Pin To Net: NetName=GND Pin=LED4-K
Added Pin To Net: NetName=GND Pin=P1-5
Added Pin To Net: NetName=GND Pin=P2-4
Added Pin To Net: NetName=GND Pin=P3-4
Added Pin To Net: NetName=GND Pin=P7-2
Added Pin To Net: NetName=GND Pin=P7-4
Added Pin To Net: NetName=GND Pin=P8-5
Added Pin To Net: NetName=GND Pin=P9-2
Added Pin To Net: NetName=GND Pin=R5-2
Added Pin To Net: NetName=GND Pin=S1-2
Added Pin To Net: NetName=GND Pin=S2-2
Added Pin To Net: NetName=GND Pin=U1-1
Added Pin To Net: NetName=GND Pin=U1-15
Added Pin To Net: NetName=GND Pin=U1-38
Added Net: Name=GND
Added Pin To Net: NetName=GPIO0 Pin=P1-6
Added Pin To Net: NetName=GPIO0 Pin=S2-1
Added Pin To Net: NetName=GPIO0 Pin=U1-25
Added Net: Name=GPIO0
Added Pin To Net: NetName=IN1 Pin=IC6-2
Added Pin To Net: NetName=IN1 Pin=P7-1
Added Net: Name=IN1
Added Pin To Net: NetName=IN2 Pin=IC7-2
Added Pin To Net: NetName=IN2 Pin=P7-3
Added Net: Name=IN2
Added Pin To Net: NetName=LED Pin=LCD Display with touch screen-7
Added Pin To Net: NetName=LED Pin=U1-11
Added Net: Name=LED
Added Pin To Net: NetName=NC1 Pin=K1-2
Added Pin To Net: NetName=NC1 Pin=P5-3
Added Net: Name=NC1
Added Pin To Net: NetName=NC2 Pin=K2-2
Added Pin To Net: NetName=NC2 Pin=P6-3
Added Net: Name=NC2
Added Pin To Net: NetName=NetC9_1 Pin=C9-1
Added Pin To Net: NetName=NetC9_1 Pin=C10-1
Added Pin To Net: NetName=NetC9_1 Pin=IC3-2
Added Pin To Net: NetName=NetC9_1 Pin=IC3-2
Added Net: Name=NetC9_1
Added Pin To Net: NetName=NetIC4_1 Pin=IC4-1
Added Pin To Net: NetName=NetIC4_1 Pin=R19-2
Added Net: Name=NetIC4_1
Added Pin To Net: NetName=NetIC4_4 Pin=IC4-4
Added Pin To Net: NetName=NetIC4_4 Pin=R20-2
Added Pin To Net: NetName=NetIC4_4 Pin=R21-1
Added Net: Name=NetIC4_4
Added Pin To Net: NetName=NetIC5_1 Pin=IC5-1
Added Pin To Net: NetName=NetIC5_1 Pin=R13-2
Added Net: Name=NetIC5_1
Added Pin To Net: NetName=NetIC5_4 Pin=IC5-4
Added Pin To Net: NetName=NetIC5_4 Pin=R14-2
Added Pin To Net: NetName=NetIC5_4 Pin=R15-1
Added Net: Name=NetIC5_4
Added Pin To Net: NetName=NetIC6_1 Pin=IC6-1
Added Pin To Net: NetName=NetIC6_1 Pin=R28-2
Added Net: Name=NetIC6_1
Added Pin To Net: NetName=NetIC7_1 Pin=IC7-1
Added Pin To Net: NetName=NetIC7_1 Pin=R30-2
Added Net: Name=NetIC7_1
Added Pin To Net: NetName=NetL1_A Pin=L1-A
Added Pin To Net: NetName=NetL1_A Pin=R12-1
Added Net: Name=NetL1_A
Added Pin To Net: NetName=NetLED1_A Pin=LED1-A
Added Pin To Net: NetName=NetLED1_A Pin=R8-1
Added Net: Name=NetLED1_A
Added Pin To Net: NetName=NetLED2_A Pin=LED2-A
Added Pin To Net: NetName=NetLED2_A Pin=R11-1
Added Net: Name=NetLED2_A
Added Pin To Net: NetName=NetLED3_A Pin=LED3-A
Added Pin To Net: NetName=NetLED3_A Pin=R24-1
Added Net: Name=NetLED3_A
Added Pin To Net: NetName=NetLED4_A Pin=LED4-A
Added Pin To Net: NetName=NetLED4_A Pin=R18-1
Added Net: Name=NetLED4_A
Added Pin To Net: NetName=NetLED5_A Pin=LED5-A
Added Pin To Net: NetName=NetLED5_A Pin=R25-1
Added Net: Name=NetLED5_A
Added Pin To Net: NetName=NetLED6_A Pin=LED6-A
Added Pin To Net: NetName=NetLED6_A Pin=R26-1
Added Net: Name=NetLED6_A
Added Pin To Net: NetName=NetQ3_1 Pin=R15-2
Added Pin To Net: NetName=NetQ3_1 Pin=R16-2
Added Net: Name=NetQ3_1
Added Pin To Net: NetName=NetQ3_2 Pin=R17-2
Added Net: Name=NetQ3_2
Added Pin To Net: NetName=NetQ4_1 Pin=R21-2
Added Pin To Net: NetName=NetQ4_1 Pin=R22-2
Added Net: Name=NetQ4_1
Added Pin To Net: NetName=NetQ4_2 Pin=R23-2
Added Net: Name=NetQ4_2
Added Pin To Net: NetName=NO1 Pin=K1-3
Added Pin To Net: NetName=NO1 Pin=P5-1
Added Net: Name=NO1
Added Pin To Net: NetName=NO2 Pin=K2-3
Added Pin To Net: NetName=NO2 Pin=P6-1
Added Net: Name=NO2
Added Pin To Net: NetName=nRST Pin=C1-2
Added Pin To Net: NetName=nRST Pin=P1-4
Added Pin To Net: NetName=nRST Pin=R1-1
Added Pin To Net: NetName=nRST Pin=S1-1
Added Pin To Net: NetName=nRST Pin=U1-3
Added Net: Name=nRST
Added Pin To Net: NetName=R485 Pin=IC1-1
Added Pin To Net: NetName=R485 Pin=Q2-3
Added Pin To Net: NetName=R485 Pin=R9-1
Added Net: Name=R485
Added Pin To Net: NetName=RESET Pin=LCD Display with touch screen-11
Added Pin To Net: NetName=RESET Pin=U1-26
Added Net: Name=RESET
Added Pin To Net: NetName=RTS Pin=IC8-3
Added Pin To Net: NetName=RTS Pin=Q5-B
Added Pin To Net: NetName=RTS Pin=Q6-E
Added Net: Name=RTS
Added Pin To Net: NetName=RXD485 Pin=LED2-K
Added Pin To Net: NetName=RXD485 Pin=Q2-2
Added Pin To Net: NetName=RXD485 Pin=R10-1
Added Pin To Net: NetName=RXD485 Pin=U1-16
Added Net: Name=RXD485
Added Pin To Net: NetName=RXD Pin=P1-3
Added Pin To Net: NetName=RXD Pin=U1-34
Added Net: Name=RXD
Added Pin To Net: NetName=RY1 Pin=D2-K
Added Pin To Net: NetName=RY1 Pin=K1-4
Added Pin To Net: NetName=RY1 Pin=R18-2
Added Net: Name=RY1
Added Pin To Net: NetName=RY2 Pin=D3-K
Added Pin To Net: NetName=RY2 Pin=K2-4
Added Pin To Net: NetName=RY2 Pin=R24-2
Added Net: Name=RY2
Added Pin To Net: NetName=SCL Pin=P2-2
Added Pin To Net: NetName=SCL Pin=P3-2
Added Pin To Net: NetName=SCL Pin=R3-1
Added Pin To Net: NetName=SCL Pin=U1-36
Added Net: Name=SCL
Added Pin To Net: NetName=SDA Pin=P2-3
Added Pin To Net: NetName=SDA Pin=P3-3
Added Pin To Net: NetName=SDA Pin=R2-1
Added Pin To Net: NetName=SDA Pin=U1-33
Added Net: Name=SDA
Added Pin To Net: NetName=T485 Pin=IC1-4
Added Pin To Net: NetName=T485 Pin=Q1-3
Added Pin To Net: NetName=T485 Pin=R6-1
Added Net: Name=T485
Added Pin To Net: NetName=T_CLK Pin=LCD Display with touch screen-5
Added Pin To Net: NetName=T_CLK Pin=LCD Display with touch screen-8
Added Pin To Net: NetName=T_CLK Pin=U1-30
Added Net: Name=T_CLK
Added Pin To Net: NetName=T_CS Pin=LCD Display with touch screen-4
Added Pin To Net: NetName=T_CS Pin=U1-29
Added Net: Name=T_CS
Added Pin To Net: NetName=T_DIN Pin=LCD Display with touch screen-3
Added Pin To Net: NetName=T_DIN Pin=LCD Display with touch screen-9
Added Pin To Net: NetName=T_DIN Pin=U1-37
Added Net: Name=T_DIN
Added Pin To Net: NetName=T_DO Pin=LCD Display with touch screen-2
Added Pin To Net: NetName=T_DO Pin=LCD Display with touch screen-6
Added Pin To Net: NetName=T_DO Pin=U1-31
Added Net: Name=T_DO
Added Pin To Net: NetName=TXD485 Pin=LED1-K
Added Pin To Net: NetName=TXD485 Pin=Q1-2
Added Pin To Net: NetName=TXD485 Pin=R7-1
Added Pin To Net: NetName=TXD485 Pin=U1-13
Added Net: Name=TXD485
Added Pin To Net: NetName=TXD Pin=P1-2
Added Pin To Net: NetName=TXD Pin=U1-35
Added Net: Name=TXD
Added Pin To Net: NetName=X1 Pin=IC6-4
Added Pin To Net: NetName=X1 Pin=LED5-K
Added Pin To Net: NetName=X1 Pin=R27-2
Added Net: Name=X1
Added Pin To Net: NetName=X2 Pin=IC7-4
Added Pin To Net: NetName=X2 Pin=LED6-K
Added Pin To Net: NetName=X2 Pin=R29-2
Added Net: Name=X2
Added Pin To Net: NetName=Y1 Pin=IC5-2
Added Net: Name=Y1
Added Pin To Net: NetName=Y2 Pin=U1-8
Added Net: Name=Y2
Added Class: Name=IO
Added Class: Name=Sheet1
Added Room: Name=IO
Added Room: Name=Sheet1
