Change Component Comment : Designator=L1 Old Comment=104 New Comment=L1
Change Component Comment : Designator=R31 Old Comment=470E New Comment=470E5
Change Component Comment : Designator=LED2 Old Comment=RXD New Comment=LED2
Change Component Comment : Designator=LED1 Old Comment=TXD New Comment=LED1
Added Component: Designator=C1(C0805)
Added Component: Designator=C2(C0805)
Added Component: Designator=C3(C0805)
Added Component: Designator=C4(C0805)
Added Component: Designator=C5(C0805)
Added Component: Designator=C6(C0805)
Added Component: Designator=C7(C0805)
Added Component: Designator=C8(C0805)
Added Component: Designator=C9(C0805)
Added Component: Designator=C10(C0805)
Added Component: Designator=C11(C0805)
Added Component: Designator=D1(DO-214AC)
Added Component: Designator=D2(DO-214AC)
Added Component: Designator=D3(DO-214AC)
Added Component: Designator=D4(DF1504S)
Add component (AddParameter): Name = "LatestRevisionDate"; Value = "17-Jul-2002"; VariantName = "[No Variations]"
Add component (AddParameter): Name = "LatestRevisionNote"; Value = "Re-released for DXP Platform."; VariantName = "[No Variations]"
Add component (AddParameter): Name = "PackageDescription"; Value = "Bridge Rectifier; 4 Terminals; Body 16.8 x 16.8 mm (typ); Pitch 10.67 mm"; VariantName = "[No Variations]"
Add component (AddParameter): Name = "PackageReference"; Value = "D-46_6A"; VariantName = "[No Variations]"
Add component (AddParameter): Name = "Published"; Value = "24-Mar-1999"; VariantName = "[No Variations]"
Add component (AddParameter): Name = "Publisher"; Value = "Altium Limited"; VariantName = "[No Variations]"
Added Component: Designator=IC1(PC817-SMT)
Added Component: Designator=IC2(PC817-SMT)
Added Component: Designator=IC3(PC817-SMT)
Added Component: Designator=IC4(PC817-SMT)
Added Component: Designator=IC5(SSOP-28)
Added Component: Designator=IC6(BP5293-50 RIGHT)
Added Component: Designator=IC7(SOT223_L)
Added Component: Designator=IC?(SO8)
Added Component: Designator=K1(MODUL_HRS4)
Add component (AddParameter): Name = "LatestRevisionDate"; Value = "17-Jul-2002"; VariantName = "[No Variations]"
Add component (AddParameter): Name = "LatestRevisionNote"; Value = "Re-released for DXP Platform."; VariantName = "[No Variations]"
Add component (AddParameter): Name = "PackageReference"; Value = "MODULE5B"; VariantName = "[No Variations]"
Add component (AddParameter): Name = "Published"; Value = "8-Jun-2000"; VariantName = "[No Variations]"
Add component (AddParameter): Name = "Publisher"; Value = "Altium Limited"; VariantName = "[No Variations]"
Added Component: Designator=K2(MODUL_HRS4)
Add component (AddParameter): Name = "LatestRevisionDate"; Value = "17-Jul-2002"; VariantName = "[No Variations]"
Add component (AddParameter): Name = "LatestRevisionNote"; Value = "Re-released for DXP Platform."; VariantName = "[No Variations]"
Add component (AddParameter): Name = "PackageReference"; Value = "MODULE5B"; VariantName = "[No Variations]"
Add component (AddParameter): Name = "Published"; Value = "8-Jun-2000"; VariantName = "[No Variations]"
Add component (AddParameter): Name = "Publisher"; Value = "Altium Limited"; VariantName = "[No Variations]"
Added Component: Designator=L?(0805_LED - RED)
Added Component: Designator=LCD1(LCD 2.4 TFT SPI 240x320)
Added Component: Designator=LED1(0805_LED - GREEN)
Added Component: Designator=LED2(0805_LED - YELLOW)
Added Component: Designator=LED3(0805_LED - YELLOW)
Added Component: Designator=LED4(0805_LED - GREEN)
Added Component: Designator=LED5(0805_LED - GREEN)
Added Component: Designator=LED6(0805_LED - GREEN)
Added Component: Designator=LED7(0805_LED - GREEN)
Added Component: Designator=LED8(0805_LED - GREEN)
Added Component: Designator=P1(HDR1X6)
Add component (AddParameter): Name = "LatestRevisionDate"; Value = "17-Jul-2002"; VariantName = "[No Variations]"
Add component (AddParameter): Name = "LatestRevisionNote"; Value = "Re-released for DXP Platform."; VariantName = "[No Variations]"
Add component (AddParameter): Name = "Publisher"; Value = "Altium Limited"; VariantName = "[No Variations]"
Added Component: Designator=P2(HDR1X4)
Add component (AddParameter): Name = "LatestRevisionDate"; Value = "17-Jul-2002"; VariantName = "[No Variations]"
Add component (AddParameter): Name = "LatestRevisionNote"; Value = "Re-released for DXP Platform."; VariantName = "[No Variations]"
Add component (AddParameter): Name = "Publisher"; Value = "Altium Limited"; VariantName = "[No Variations]"
Added Component: Designator=P3(HDR1X4)
Add component (AddParameter): Name = "LatestRevisionDate"; Value = "17-Jul-2002"; VariantName = "[No Variations]"
Add component (AddParameter): Name = "LatestRevisionNote"; Value = "Re-released for DXP Platform."; VariantName = "[No Variations]"
Add component (AddParameter): Name = "Publisher"; Value = "Altium Limited"; VariantName = "[No Variations]"
Added Component: Designator=P4(ED500V-02P)
Add component (AddParameter): Name = "LatestRevisionDate"; Value = "17-Jul-2002"; VariantName = "[No Variations]"
Add component (AddParameter): Name = "LatestRevisionNote"; Value = "Re-released for DXP Platform."; VariantName = "[No Variations]"
Add component (AddParameter): Name = "Publisher"; Value = "Altium Limited"; VariantName = "[No Variations]"
Added Component: Designator=P5(ED500V-02P)
Add component (AddParameter): Name = "LatestRevisionDate"; Value = "17-Jul-2002"; VariantName = "[No Variations]"
Add component (AddParameter): Name = "LatestRevisionNote"; Value = "Re-released for DXP Platform."; VariantName = "[No Variations]"
Add component (AddParameter): Name = "Publisher"; Value = "Altium Limited"; VariantName = "[No Variations]"
Added Component: Designator=P6(ED500V-02P)
Add component (AddParameter): Name = "LatestRevisionDate"; Value = "17-Jul-2002"; VariantName = "[No Variations]"
Add component (AddParameter): Name = "LatestRevisionNote"; Value = "Re-released for DXP Platform."; VariantName = "[No Variations]"
Add component (AddParameter): Name = "Publisher"; Value = "Altium Limited"; VariantName = "[No Variations]"
Added Component: Designator=P7(ED500V-03P)
Add component (AddParameter): Name = "LatestRevisionDate"; Value = "17-Jul-2002"; VariantName = "[No Variations]"
Add component (AddParameter): Name = "LatestRevisionNote"; Value = "Re-released for DXP Platform."; VariantName = "[No Variations]"
Add component (AddParameter): Name = "Publisher"; Value = "Altium Limited"; VariantName = "[No Variations]"
Added Component: Designator=P8(ED500V-03P)
Add component (AddParameter): Name = "LatestRevisionDate"; Value = "17-Jul-2002"; VariantName = "[No Variations]"
Add component (AddParameter): Name = "LatestRevisionNote"; Value = "Re-released for DXP Platform."; VariantName = "[No Variations]"
Add component (AddParameter): Name = "Publisher"; Value = "Altium Limited"; VariantName = "[No Variations]"
Added Component: Designator=P9(USB-mico-S)
Add component (AddParameter): Name = "LatestRevisionDate"; Value = "17-Jul-2002"; VariantName = "[No Variations]"
Add component (AddParameter): Name = "LatestRevisionNote"; Value = "Re-released for DXP Platform."; VariantName = "[No Variations]"
Add component (AddParameter): Name = "Publisher"; Value = "Altium Limited"; VariantName = "[No Variations]"
Added Component: Designator=P10(ED500V-02P)
Add component (AddParameter): Name = "LatestRevisionDate"; Value = "17-Jul-2002"; VariantName = "[No Variations]"
Add component (AddParameter): Name = "LatestRevisionNote"; Value = "Re-released for DXP Platform."; VariantName = "[No Variations]"
Add component (AddParameter): Name = "Publisher"; Value = "Altium Limited"; VariantName = "[No Variations]"
Added Component: Designator=Q1(SOT23_M-edit)
Added Component: Designator=Q2(SOT23_M-edit)
Added Component: Designator=Q3(SOT23_M-edit)
Add component (AddParameter): Name = "Code_JEDEC"; Value = "TO-226-AA"; VariantName = "[No Variations]"
Add component (AddParameter): Name = "LatestRevisionDate"; Value = "17-Jul-2002"; VariantName = "[No Variations]"
Add component (AddParameter): Name = "LatestRevisionNote"; Value = "Re-released for DXP Platform."; VariantName = "[No Variations]"
Add component (AddParameter): Name = "PackageDescription"; Value = "TO, Flat Index; 3 In-Line, Axial Leads; Body Dia. 4.8mm; Leads 0.55 x 0.51 mm (max)"; VariantName = "[No Variations]"
Add component (AddParameter): Name = "PackageReference"; Value = "TO-226-AA"; VariantName = "[No Variations]"
Add component (AddParameter): Name = "Published"; Value = "8-Jun-2000"; VariantName = "[No Variations]"
Add component (AddParameter): Name = "Publisher"; Value = "Altium Limited"; VariantName = "[No Variations]"
Added Component: Designator=Q4(SOT23_M-edit)
Add component (AddParameter): Name = "Code_JEDEC"; Value = "TO-226-AA"; VariantName = "[No Variations]"
Add component (AddParameter): Name = "LatestRevisionDate"; Value = "17-Jul-2002"; VariantName = "[No Variations]"
Add component (AddParameter): Name = "LatestRevisionNote"; Value = "Re-released for DXP Platform."; VariantName = "[No Variations]"
Add component (AddParameter): Name = "PackageDescription"; Value = "TO, Flat Index; 3 In-Line, Axial Leads; Body Dia. 4.8mm; Leads 0.55 x 0.51 mm (max)"; VariantName = "[No Variations]"
Add component (AddParameter): Name = "PackageReference"; Value = "TO-226-AA"; VariantName = "[No Variations]"
Add component (AddParameter): Name = "Published"; Value = "8-Jun-2000"; VariantName = "[No Variations]"
Add component (AddParameter): Name = "Publisher"; Value = "Altium Limited"; VariantName = "[No Variations]"
Added Component: Designator=Q?(SOT-23_N)
Add component (AddParameter): Name = "ComponentLink1Description"; Value = "Manufacturer Link"; VariantName = "[No Variations]"
Add component (AddParameter): Name = "ComponentLink1URL"; Value = "http://www.irf.com/"; VariantName = "[No Variations]"
Add component (AddParameter): Name = "DatasheetVersion"; Value = "PD-9.814"; VariantName = "[No Variations]"
Add component (AddParameter): Name = "LatestRevisionDate"; Value = "17-Jul-2002"; VariantName = "[No Variations]"
Add component (AddParameter): Name = "LatestRevisionNote"; Value = "Re-released for DXP Platform."; VariantName = "[No Variations]"
Add component (AddParameter): Name = "Note"; Value = "Pin 2 is electrically connected to pin 4."; VariantName = "[No Variations]"
Add component (AddParameter): Name = "PackageDescription"; Value = "TO, Thru-Hole, Vertical, Heatsink Mounted; 3 In-Line Leads; Pitch 2.54 mm"; VariantName = "[No Variations]"
Add component (AddParameter): Name = "PackageReference"; Value = "TO-220AB"; VariantName = "[No Variations]"
Add component (AddParameter): Name = "PackageVersion"; Value = "Feb-1997"; VariantName = "[No Variations]"
Add component (AddParameter): Name = "Published"; Value = "8-Jun-2000"; VariantName = "[No Variations]"
Add component (AddParameter): Name = "Publisher"; Value = "Altium Limited"; VariantName = "[No Variations]"
Added Component: Designator=Q?(SOT-23_N)
Add component (AddParameter): Name = "ComponentLink1Description"; Value = "Manufacturer Link"; VariantName = "[No Variations]"
Add component (AddParameter): Name = "ComponentLink1URL"; Value = "http://www.irf.com/"; VariantName = "[No Variations]"
Add component (AddParameter): Name = "DatasheetVersion"; Value = "PD-9.814"; VariantName = "[No Variations]"
Add component (AddParameter): Name = "LatestRevisionDate"; Value = "17-Jul-2002"; VariantName = "[No Variations]"
Add component (AddParameter): Name = "LatestRevisionNote"; Value = "Re-released for DXP Platform."; VariantName = "[No Variations]"
Add component (AddParameter): Name = "Note"; Value = "Pin 2 is electrically connected to pin 4."; VariantName = "[No Variations]"
Add component (AddParameter): Name = "PackageDescription"; Value = "TO, Thru-Hole, Vertical, Heatsink Mounted; 3 In-Line Leads; Pitch 2.54 mm"; VariantName = "[No Variations]"
Add component (AddParameter): Name = "PackageReference"; Value = "TO-220AB"; VariantName = "[No Variations]"
Add component (AddParameter): Name = "PackageVersion"; Value = "Feb-1997"; VariantName = "[No Variations]"
Add component (AddParameter): Name = "Published"; Value = "8-Jun-2000"; VariantName = "[No Variations]"
Add component (AddParameter): Name = "Publisher"; Value = "Altium Limited"; VariantName = "[No Variations]"
Added Component: Designator=R1(6-0805_L)
Added Component: Designator=R2(6-0805_L)
Added Component: Designator=R3(6-0805_L)
Added Component: Designator=R4(6-0805_L)
Added Component: Designator=R5(6-0805_L)
Added Component: Designator=R6(6-0805_L)
Added Component: Designator=R7(6-0805_L)
Added Component: Designator=R8(6-0805_L)
Added Component: Designator=R9(6-0805_L)
Added Component: Designator=R10(6-0805_L)
Added Component: Designator=R11(6-0805_L)
Added Component: Designator=R12(6-0805_L)
Added Component: Designator=R13(6-0805_L)
Added Component: Designator=R13(6-0805_L)
Added Component: Designator=R14(6-0805_L)
Added Component: Designator=R15(6-0805_L)
Added Component: Designator=R16(6-0805_L)
Added Component: Designator=R17(6-0805_L)
Added Component: Designator=R18(6-0805_L)
Added Component: Designator=R19(6-0805_L)
Added Component: Designator=R20(6-0805_L)
Added Component: Designator=R21(6-0805_L)
Added Component: Designator=R22(6-0805_L)
Added Component: Designator=R23(6-0805_L)
Added Component: Designator=R24(6-0805_L)
Added Component: Designator=R25(6-0805_L)
Added Component: Designator=R26(6-0805_L)
Added Component: Designator=R27(6-0805_L)
Added Component: Designator=R28(6-0805_L)
Added Component: Designator=R29(6-0805_L)
Added Component: Designator=R30(6-0805_L)
Added Component: Designator=R31(6-0805_L)
Added Component: Designator=R32(6-0805_L)
Added Component: Designator=S1(Push SW)
Add component (AddParameter): Name = "LatestRevisionDate"; Value = "17-Jul-2002"; VariantName = "[No Variations]"
Add component (AddParameter): Name = "LatestRevisionNote"; Value = "Re-released for DXP Platform."; VariantName = "[No Variations]"
Add component (AddParameter): Name = "PackageDescription"; Value = "Switch; 2 Leads"; VariantName = "[No Variations]"
Add component (AddParameter): Name = "PackageReference"; Value = "SPST-2"; VariantName = "[No Variations]"
Add component (AddParameter): Name = "Published"; Value = "24-Mar-1999"; VariantName = "[No Variations]"
Add component (AddParameter): Name = "Publisher"; Value = "Altium Limited"; VariantName = "[No Variations]"
Added Component: Designator=S2(Push SW)
Add component (AddParameter): Name = "LatestRevisionDate"; Value = "17-Jul-2002"; VariantName = "[No Variations]"
Add component (AddParameter): Name = "LatestRevisionNote"; Value = "Re-released for DXP Platform."; VariantName = "[No Variations]"
Add component (AddParameter): Name = "PackageDescription"; Value = "Switch; 2 Leads"; VariantName = "[No Variations]"
Add component (AddParameter): Name = "PackageReference"; Value = "SPST-2"; VariantName = "[No Variations]"
Add component (AddParameter): Name = "Published"; Value = "24-Mar-1999"; VariantName = "[No Variations]"
Add component (AddParameter): Name = "Publisher"; Value = "Altium Limited"; VariantName = "[No Variations]"
Added Component: Designator=U1(ESP32 - WROVER-B)
Added Pin To Net: NetName=GND Pin=C1-1
Added Pin To Net: NetName=GND Pin=C2-1
Added Pin To Net: NetName=5V Pin=C2-2
Added Pin To Net: NetName=12V Pin=C3-1
Added Pin To Net: NetName=GND Pin=C3-2
Added Pin To Net: NetName=12V Pin=C4-1
Added Pin To Net: NetName=GND Pin=C4-2
Added Pin To Net: NetName=5V Pin=C5-1
Added Pin To Net: NetName=GND Pin=C5-2
Added Pin To Net: NetName=5V Pin=C6-1
Added Pin To Net: NetName=GND Pin=C6-2
Added Pin To Net: NetName=5V Pin=C7-1
Added Pin To Net: NetName=GND Pin=C7-2
Added Pin To Net: NetName=5V Pin=C8-1
Added Pin To Net: NetName=GND Pin=C8-2
Added Pin To Net: NetName=3V3 Pin=C9-1
Added Pin To Net: NetName=GND Pin=C9-2
Added Pin To Net: NetName=3V3 Pin=C10-1
Added Pin To Net: NetName=GND Pin=C10-2
Added Pin To Net: NetName=GND Pin=C11-1
Added Pin To Net: NetName=3V3 Pin=C11-2
Added Pin To Net: NetName=GND Pin=D1-A
Added Pin To Net: NetName=GND Pin=D2-A
Added Pin To Net: NetName=3V3 Pin=D3-A
Added Pin To Net: NetName=5V Pin=D3-K
Added Pin To Net: NetName=12V Pin=D4-3
Added Pin To Net: NetName=GND Pin=D4-4
Added Pin To Net: NetName=IN1 Pin=IC1-2
Added Pin To Net: NetName=GND Pin=IC1-3
Added Pin To Net: NetName=X1 Pin=IC1-4
Added Pin To Net: NetName=IN2 Pin=IC2-2
Added Pin To Net: NetName=GND Pin=IC2-3
Added Pin To Net: NetName=X2 Pin=IC2-4
Added Pin To Net: NetName=Y1 Pin=IC3-1
Added Pin To Net: NetName=GND Pin=IC3-3
Added Pin To Net: NetName=Y2 Pin=IC4-1
Added Pin To Net: NetName=GND Pin=IC4-3
Added Pin To Net: NetName=3V3 Pin=IC5-4
Added Pin To Net: NetName=GND Pin=IC5-7
Added Pin To Net: NetName=3V3 Pin=IC5-17
Added Pin To Net: NetName=GND Pin=IC5-18
Added Pin To Net: NetName=5V Pin=IC5-20
Added Pin To Net: NetName=GND Pin=IC5-21
Added Pin To Net: NetName=GND Pin=IC5-25
Added Pin To Net: NetName=GND Pin=IC5-26
Added Pin To Net: NetName=12V Pin=IC6-1
Added Pin To Net: NetName=GND Pin=IC6-2
Added Pin To Net: NetName=5V Pin=IC6-3
Added Pin To Net: NetName=GND Pin=IC7-1
Added Pin To Net: NetName=3V3 Pin=IC7-2
Added Pin To Net: NetName=3V3 Pin=IC7-2
Added Pin To Net: NetName=5V Pin=IC7-3
Added Pin To Net: NetName=R485 Pin=IC?-1
Added Pin To Net: NetName=5V Pin=IC?-2
Added Pin To Net: NetName=5V Pin=IC?-3
Added Pin To Net: NetName=T485 Pin=IC?-4
Added Pin To Net: NetName=GND Pin=IC?-5
Added Pin To Net: NetName=485+ Pin=IC?-6
Added Pin To Net: NetName=485- Pin=IC?-7
Added Pin To Net: NetName=5V Pin=IC?-8
Added Pin To Net: NetName=COM1 Pin=K1-1
Added Pin To Net: NetName=NO1 Pin=K1-3
Added Pin To Net: NetName=GND Pin=K1-5
Added Pin To Net: NetName=COM2 Pin=K2-1
Added Pin To Net: NetName=NO2 Pin=K2-3
Added Pin To Net: NetName=GND Pin=K2-5
Added Pin To Net: NetName=GND Pin=L?-K
Added Pin To Net: NetName=GND Pin=LCD1-13
Added Pin To Net: NetName=3V3 Pin=LCD1-14
Added Pin To Net: NetName=TXD485 Pin=LED3-K
Added Pin To Net: NetName=RXD485 Pin=LED4-K
Added Pin To Net: NetName=X1 Pin=LED5-K
Added Pin To Net: NetName=X2 Pin=LED6-K
Added Pin To Net: NetName=GND Pin=LED7-K
Added Pin To Net: NetName=GND Pin=LED8-K
Added Pin To Net: NetName=3V3 Pin=P1-1
Added Pin To Net: NetName=GND Pin=P1-5
Added Pin To Net: NetName=3V3 Pin=P2-1
Added Pin To Net: NetName=GND Pin=P2-4
Added Pin To Net: NetName=3V3 Pin=P3-1
Added Pin To Net: NetName=GND Pin=P3-4
Added Pin To Net: NetName=485+ Pin=P4-1
Added Pin To Net: NetName=485- Pin=P4-2
Added Pin To Net: NetName=IN1 Pin=P5-1
Added Pin To Net: NetName=GND Pin=P5-2
Added Pin To Net: NetName=IN2 Pin=P6-1
Added Pin To Net: NetName=GND Pin=P6-2
Added Pin To Net: NetName=NO1 Pin=P7-1
Added Pin To Net: NetName=COM1 Pin=P7-2
Added Pin To Net: NetName=NO2 Pin=P8-1
Added Pin To Net: NetName=COM2 Pin=P8-2
Added Pin To Net: NetName=5V Pin=P9-1
Added Pin To Net: NetName=GND Pin=P9-5
Added Pin To Net: NetName=3V3 Pin=Q?-1
Added Pin To Net: NetName=3V3 Pin=Q?-1
Added Pin To Net: NetName=RXD485 Pin=Q?-2
Added Pin To Net: NetName=TXD485 Pin=Q?-2
Added Pin To Net: NetName=R485 Pin=Q?-3
Added Pin To Net: NetName=T485 Pin=Q?-3
Added Pin To Net: NetName=3V3 Pin=R1-2
Added Pin To Net: NetName=3V3 Pin=R2-2
Added Pin To Net: NetName=3V3 Pin=R3-2
Added Pin To Net: NetName=3V3 Pin=R4-2
Added Pin To Net: NetName=3V3 Pin=R5-2
Added Pin To Net: NetName=485- Pin=R6-1
Added Pin To Net: NetName=GND Pin=R6-2
Added Pin To Net: NetName=5V Pin=R7-1
Added Pin To Net: NetName=485+ Pin=R7-2
Added Pin To Net: NetName=T485 Pin=R8-1
Added Pin To Net: NetName=5V Pin=R8-2
Added Pin To Net: NetName=TXD485 Pin=R9-1
Added Pin To Net: NetName=3V3 Pin=R9-2
Added Pin To Net: NetName=3V3 Pin=R10-2
Added Pin To Net: NetName=R485 Pin=R11-1
Added Pin To Net: NetName=5V Pin=R11-2
Added Pin To Net: NetName=RXD485 Pin=R12-1
Added Pin To Net: NetName=3V3 Pin=R12-2
Added Pin To Net: NetName=3V3 Pin=R13-2
Added Pin To Net: NetName=3V3 Pin=R13-2
Added Pin To Net: NetName=3V3 Pin=R14-2
Added Pin To Net: NetName=3V3 Pin=R15-1
Added Pin To Net: NetName=X1 Pin=R15-2
Added Pin To Net: NetName=5V Pin=R16-1
Added Pin To Net: NetName=3V3 Pin=R17-1
Added Pin To Net: NetName=X2 Pin=R17-2
Added Pin To Net: NetName=5V Pin=R18-1
Added Pin To Net: NetName=GND Pin=R19-2
Added Pin To Net: NetName=5V Pin=R21-1
Added Pin To Net: NetName=5V Pin=R22-1
Added Pin To Net: NetName=5V Pin=R23-1
Added Pin To Net: NetName=GND Pin=R25-2
Added Pin To Net: NetName=5V Pin=R26-1
Added Pin To Net: NetName=5V Pin=R28-1
Added Pin To Net: NetName=5V Pin=R29-1
Added Pin To Net: NetName=3V3 Pin=R32-2
Added Pin To Net: NetName=GND Pin=S1-2
Added Pin To Net: NetName=GND Pin=S2-2
Added Pin To Net: NetName=GND Pin=U1-1
Added Pin To Net: NetName=3V3 Pin=U1-2
Added Pin To Net: NetName=X1 Pin=U1-6
Added Pin To Net: NetName=X2 Pin=U1-7
Added Pin To Net: NetName=TXD485 Pin=U1-13
Added Pin To Net: NetName=GND Pin=U1-15
Added Pin To Net: NetName=RXD485 Pin=U1-16
Added Pin To Net: NetName=GND Pin=U1-38
Added Pin To Net: NetName=NC1 Pin=K1-2
Added Pin To Net: NetName=NC1 Pin=P7-3
Added Net: Name=NC1
Added Pin To Net: NetName=NC2 Pin=K2-2
Added Pin To Net: NetName=NC2 Pin=P8-3
Added Net: Name=NC2
Added Pin To Net: NetName=NetIC1_1 Pin=IC1-1
Added Pin To Net: NetName=NetIC1_1 Pin=R16-2
Added Net: Name=NetIC1_1
Added Pin To Net: NetName=NetIC2_1 Pin=IC2-1
Added Pin To Net: NetName=NetIC2_1 Pin=R18-2
Added Net: Name=NetIC2_1
Added Pin To Net: NetName=NetIC3_2 Pin=IC3-2
Added Pin To Net: NetName=NetIC3_2 Pin=R19-1
Added Net: Name=NetIC3_2
Added Pin To Net: NetName=NetIC3_4 Pin=IC3-4
Added Pin To Net: NetName=NetIC3_4 Pin=R20-1
Added Pin To Net: NetName=NetIC3_4 Pin=R21-2
Added Net: Name=NetIC3_4
Added Pin To Net: NetName=NetIC4_2 Pin=IC4-2
Added Pin To Net: NetName=NetIC4_2 Pin=R25-1
Added Net: Name=NetIC4_2
Added Pin To Net: NetName=NetIC4_4 Pin=IC4-4
Added Pin To Net: NetName=NetIC4_4 Pin=R26-2
Added Pin To Net: NetName=NetIC4_4 Pin=R27-1
Added Net: Name=NetIC4_4
Added Pin To Net: NetName=NetL?_A Pin=L?-A
Added Pin To Net: NetName=NetL?_A Pin=R32-1
Added Net: Name=NetL?_A
Added Pin To Net: NetName=NetQ1_1 Pin=R20-2
Added Pin To Net: NetName=NetQ1_1 Pin=R22-2
Added Net: Name=NetQ1_1
Added Pin To Net: NetName=NetQ1_2 Pin=R23-2
Added Net: Name=NetQ1_2
Added Pin To Net: NetName=NetQ2_1 Pin=R27-2
Added Pin To Net: NetName=NetQ2_1 Pin=R28-2
Added Net: Name=NetQ2_1
Added Pin To Net: NetName=NetQ2_2 Pin=R29-2
Added Net: Name=NetQ2_2
Added Class: Name=Horus_Schematic
Added Room: Name=Horus_Schematic
Added Room: Name=Sheet1
