Change Component Designator: OldDesignator=C1 NewDesignator=
Change Component Designator: OldDesignator=C2 NewDesignator=
Change Component Designator: OldDesignator=C3 NewDesignator=
Change Component Designator: OldDesignator=C4 NewDesignator=
Change Component Designator: OldDesignator=C5 NewDesignator=
Change Component Designator: OldDesignator=C6 NewDesignator=
Change Component Designator: OldDesignator=C7 NewDesignator=
Change Component Designator: OldDesignator=C8 NewDesignator=
Change Component Designator: OldDesignator=C9 NewDesignator=
Change Component Designator: OldDesignator=C10 NewDesignator=
Change Component Designator: OldDesignator=C11 NewDesignator=
Change Component Designator: OldDesignator=D1 NewDesignator=
Change Component Designator: OldDesignator=D2 NewDesignator=
Change Component Designator: OldDesignator=D3 NewDesignator=
Change Component Designator: OldDesignator=IC1 NewDesignator=
Change Component Designator: OldDesignator=IC2 NewDesignator=
Change Component Designator: OldDesignator=IC3 NewDesignator=
Change Component Designator: OldDesignator=IC4 NewDesignator=
Change Component Designator: OldDesignator=IC5 NewDesignator=
Change Component Designator: OldDesignator=IC6 NewDesignator=
Change Component Designator: OldDesignator=IC7 NewDesignator=
Change Component Designator: OldDesignator=IC8 NewDesignator=
Change Component Designator: OldDesignator=K1 NewDesignator=
Change Component Designator: OldDesignator=K2 NewDesignator=
Change Component Designator: OldDesignator=L1 NewDesignator=
Change Component Designator: OldDesignator=LCD Display with touch screen NewDesignator=
Change Component Designator: OldDesignator=LED1 NewDesignator=
Change Component Designator: OldDesignator=LED2 NewDesignator=
Change Component Designator: OldDesignator=LED3 NewDesignator=
Change Component Designator: OldDesignator=LED4 NewDesignator=
Change Component Designator: OldDesignator=LED5 NewDesignator=
Change Component Designator: OldDesignator=LED6 NewDesignator=
Change Component Designator: OldDesignator=LED7 NewDesignator=
Change Component Designator: OldDesignator=LED8 NewDesignator=
Change Component Designator: OldDesignator=P1 NewDesignator=
Change Component Designator: OldDesignator=P2 NewDesignator=
Change Component Designator: OldDesignator=P3 NewDesignator=
Change Component Designator: OldDesignator=P4 NewDesignator=
Change Component Designator: OldDesignator=P6 NewDesignator=
Change Component Designator: OldDesignator=P7 NewDesignator=
Change Component Designator: OldDesignator=P8 NewDesignator=
Change Component Designator: OldDesignator=P9 NewDesignator=
Change Component Designator: OldDesignator=Q1 NewDesignator=
Change Component Designator: OldDesignator=Q2 NewDesignator=
Change Component Designator: OldDesignator=Q3 NewDesignator=
Change Component Designator: OldDesignator=Q4 NewDesignator=
Change Component Designator: OldDesignator=Q5 NewDesignator=
Change Component Designator: OldDesignator=Q6 NewDesignator=
Change Component Designator: OldDesignator=R1 NewDesignator=
Change Component Designator: OldDesignator=R2 NewDesignator=
Change Component Designator: OldDesignator=R3 NewDesignator=
Change Component Designator: OldDesignator=R4 NewDesignator=
Change Component Designator: OldDesignator=R5 NewDesignator=
Change Component Designator: OldDesignator=R6 NewDesignator=
Change Component Designator: OldDesignator=R7 NewDesignator=
Change Component Designator: OldDesignator=R8 NewDesignator=
Change Component Designator: OldDesignator=R9 NewDesignator=
Change Component Designator: OldDesignator=R10 NewDesignator=
Change Component Designator: OldDesignator=R11 NewDesignator=
Change Component Designator: OldDesignator=R12 NewDesignator=
Change Component Designator: OldDesignator=R13 NewDesignator=
Change Component Designator: OldDesignator=R14 NewDesignator=
Change Component Designator: OldDesignator=R15 NewDesignator=
Change Component Designator: OldDesignator=R16 NewDesignator=
Change Component Designator: OldDesignator=R17 NewDesignator=
Change Component Designator: OldDesignator=R18 NewDesignator=
Change Component Designator: OldDesignator=R19 NewDesignator=
Change Component Designator: OldDesignator=R20 NewDesignator=
Change Component Designator: OldDesignator=R21 NewDesignator=
Change Component Designator: OldDesignator=R22 NewDesignator=
Change Component Designator: OldDesignator=R23 NewDesignator=
Change Component Designator: OldDesignator=R24 NewDesignator=
Change Component Designator: OldDesignator=R25 NewDesignator=
Change Component Designator: OldDesignator=R26 NewDesignator=
Change Component Designator: OldDesignator=R27 NewDesignator=
Change Component Designator: OldDesignator=R28 NewDesignator=
Change Component Designator: OldDesignator=R29 NewDesignator=
Change Component Designator: OldDesignator=R30 NewDesignator=
Change Component Designator: OldDesignator=R31 NewDesignator=
Change Component Designator: OldDesignator=R32 NewDesignator=
Change Component Designator: OldDesignator=R33 NewDesignator=
Change Component Designator: OldDesignator=S1 NewDesignator=
Change Component Designator: OldDesignator=S2 NewDesignator=
Change Component Designator: OldDesignator=U1 NewDesignator=
